<?xml version="1.0" encoding="UTF-8"?><testsuite errors="0" failures="0" name="verifying transitions to main pages from the home page" skipped="103" tests="103" time="0.72" timestamp="2024-09-15 12:59:37"><testcase name="3.001 Check that &quot;Education&quot; page is opened"><skipped/></testcase><testcase name="3.002 Check that &quot;eCommerce&quot; page is opened"><skipped/></testcase><testcase name="3.003 Check that &quot;Healthcare&quot; page is opened"><skipped/></testcase><testcase name="3.004 Check that &quot;IoT&quot; page is opened"><skipped/></testcase><testcase name="3.005 Check that &quot;Real Estate&quot; page is opened"><skipped/></testcase><testcase name="3.006 Check that &quot;Retail&quot; page is opened"><skipped/></testcase><testcase name="3.007 Check that &quot;Telecom&quot; page is opened"><skipped/></testcase><testcase name="3.008 Check that &quot;Hybris Development&quot; page is opened"><skipped/></testcase><testcase name="3.009 Check that &quot;Alfresco Development&quot; page is opened"><skipped/></testcase><testcase name="3.010 Check that &quot;Liferay Development&quot; page is opened"><skipped/></testcase><testcase name="3.011 Check that &quot;Web Development&quot; page is opened"><skipped/></testcase><testcase name="3.012 Check that &quot;Mobile Development&quot; page is opened"><skipped/></testcase><testcase name="3.013 Check that &quot;QA &amp; Software Testing&quot; page is opened"><skipped/></testcase><testcase name="3.014 Check that &quot;Dedicated Team&quot; page is opened"><skipped/></testcase><testcase name="3.015 Check that &quot;Business Analysis&quot; page is opened"><skipped/></testcase><testcase name="3.016 Check that &quot;UX/UI Design&quot; page is opened"><skipped/></testcase><testcase name="3.017 Check that &quot;Data Science&quot; page is opened"><skipped/></testcase><testcase name="3.018 Check that &quot;IT Outsourcing&quot; page is opened"><skipped/></testcase><testcase name="3.019 Check that &quot;Front-end Development&quot; page is opened"><skipped/></testcase><testcase name="3.020 Check that &quot;Backend Development&quot; page is opened"><skipped/></testcase><testcase name="3.021 Check that &quot;IT Staff Augmentation Company&quot; page is opened"><skipped/></testcase><testcase name="3.022 Check that &quot;Java&quot; page is opened"><skipped/></testcase><testcase name="3.023 Check that &quot;Python&quot; page is opened"><skipped/></testcase><testcase name="3.024 Check that &quot;.Net&quot; page is opened"><skipped/></testcase><testcase name="3.025 Check that &quot;JavaScript&quot; page is opened"><skipped/></testcase><testcase name="3.026 Check that &quot;Swift&quot; page is opened"><skipped/></testcase><testcase name="3.027 Check that &quot;Kotlin&quot; page is opened"><skipped/></testcase><testcase name="3.028 Check that &quot;React.js&quot; page is opened"><skipped/></testcase><testcase name="3.029 Check that &quot;Angular&quot; page is opened"><skipped/></testcase><testcase name="3.030 Check that &quot;Node.js&quot; page is opened"><skipped/></testcase><testcase name="3.031 Check that &quot;Projects&quot; page is opened"><skipped/></testcase><testcase name="3.032 Check that &quot;About us&quot; page is opened"><skipped/></testcase><testcase name="3.033 Check that &quot;Careers&quot; page is opened"><skipped/></testcase><testcase name="3.034 Check that &quot;Articles&quot; page is opened"><skipped/></testcase><testcase name="3.035 Check that &quot;Insights&quot; page is opened"><skipped/></testcase><testcase name="3.036 Check that &quot;eCommerce&quot; page is opened from the link on the &quot;Industries We Work With&quot; section"><skipped/></testcase><testcase name="3.037 Check that &quot;Healthcare&quot; page is opened from the link on the &quot;Industries We Work With&quot; section"><skipped/></testcase><testcase name="3.038 Check that &quot;IoT&quot; page is opened from the link on the &quot;Industries We Work With&quot; section"><skipped/></testcase><testcase name="3.039 Check that &quot;Real Estate&quot; page is opened from the link on the &quot;Industries We Work With&quot; section"><skipped/></testcase><testcase name="3.040 Check that &quot;Education&quot; page is opened from the link on the &quot;Industries We Work With&quot; section"><skipped/></testcase><testcase name="3.041 Check that &quot;Telecom&quot; page is opened from the link on the &quot;Industries We Work With&quot; section"><skipped/></testcase><testcase name="3.042 Check that &quot;Retail&quot; page is opened from the link on the &quot;Industries We Work With&quot; section"><skipped/></testcase><testcase name="3.043 Check that &quot;Hybris Development&quot; page is opened from the link on the &quot;Services&quot; section"><skipped/></testcase><testcase name="3.044 Check that &quot;Alfresco Development&quot; page is opened from the link on the &quot;Services&quot; section"><skipped/></testcase><testcase name="3.045 Check that &quot;Liferay Development&quot; page is opened from the link on the &quot;Services&quot; section"><skipped/></testcase><testcase name="3.046 Check that &quot;Web Development&quot; page is opened from the link on the &quot;Services&quot; section"><skipped/></testcase><testcase name="3.047 Check that &quot;Mobile Development&quot; page is opened from the link on the &quot;Services&quot; section"><skipped/></testcase><testcase name="3.048 Check that &quot;QA and Software Testing&quot; page is opened from the link on the &quot;Services&quot; section"><skipped/></testcase><testcase name="3.049 Check that &quot;Business Analysis&quot; page is opened from the link on the &quot;Services&quot; section"><skipped/></testcase><testcase name="3.050 Check that &quot;Dedicated Team&quot; page is opened from the link on the &quot;Services&quot; section"><skipped/></testcase><testcase name="3.051 Check that &quot;UX/UI Design&quot; page is opened from the link on the &quot;Services&quot; section"><skipped/></testcase><testcase name="3.052 Check that &quot;Data Science&quot; page is opened from the link on the &quot;Services&quot; section"><skipped/></testcase><testcase name="3.053 Check that &quot;Hybris Development&quot; page is opened from the link on the footer"><skipped/></testcase><testcase name="3.054 Check that &quot;Alfresco Development&quot; page is opened from the link on the footer"><skipped/></testcase><testcase name="3.055 Check that &quot;Liferay Development&quot; page is opened from the link on the footer"><skipped/></testcase><testcase name="3.056 Check that &quot;Web Development&quot; page is opened from the link on the footer"><skipped/></testcase><testcase name="3.057 Check that &quot;Mobile Development&quot; page is opened from the link on the footer"><skipped/></testcase><testcase name="3.058 Check that &quot;QA and Software Testing&quot; page is opened from the link on the footer"><skipped/></testcase><testcase name="3.059 Check that &quot;Dedicated Team&quot; page is opened from the link on the footer"><skipped/></testcase><testcase name="3.060 Check that &quot;Business Analysis&quot; page is opened from the link on the footer"><skipped/></testcase><testcase name="3.061 Check that &quot;UX/UI&quot; page is opened from the link on the footer"><skipped/></testcase><testcase name="3.062 Check that &quot;Data Science&quot; page is opened from the link on the footer"><skipped/></testcase><testcase name="3.063 Check that &quot;IT Outsourcing&quot; page is opened from the link on the footer"><skipped/></testcase><testcase name="3.064 Check that &quot;Frontend Development&quot; page is opened from the link on the footer"><skipped/></testcase><testcase name="3.065 Check that &quot;Backend Development&quot; page is opened from the link on the footer"><skipped/></testcase><testcase name="3.066 Check that &quot;Java Outsourcing Company&quot; page is opened from the link on the footer"><skipped/></testcase><testcase name="3.067 Check that &quot;Python Development Outsourcing Company&quot; page is opened from the link on the footer"><skipped/></testcase><testcase name="3.068 Check that &quot;Outsourcing Web Development Services&quot; page is opened from the link on the footer"><skipped/></testcase><testcase name="3.069 Check that &quot;IT Staff Augumentation Company&quot; page is opened from the link on the footer"><skipped/></testcase><testcase name="3.070 Check that &quot;Offshore Software Development Company&quot; page is opened from the link on the footer"><skipped/></testcase><testcase name="3.071 Check that &quot;Nearshore Software Development Company&quot; page is opened from the link on the footer"><skipped/></testcase><testcase name="3.072 Check that &quot;Java&quot; page is opened from the link on the footer"><skipped/></testcase><testcase name="3.073 Check that &quot;Python&quot; page is opened from the link on the footer"><skipped/></testcase><testcase name="3.074 Check that &quot;.NET&quot; page is opened from the link on the footer"><skipped/></testcase><testcase name="3.075 Check that &quot;JavaScript&quot; page is opened from the link on the footer"><skipped/></testcase><testcase name="3.076 Check that &quot;Swift&quot; page is opened from the link on the footer"><skipped/></testcase><testcase name="3.077 Check that &quot;Kotlin&quot; page is opened from the link on the footer"><skipped/></testcase><testcase name="3.078 Check that &quot;React.js&quot; page is opened from the link on the footer"><skipped/></testcase><testcase name="3.079 Check that &quot;Angular&quot; page is opened from the link on the footer"><skipped/></testcase><testcase name="3.080 Check that &quot;Node.js&quot; page is opened from the link on the footer"><skipped/></testcase><testcase name="3.081 Check that &quot;Hire Node.js&quot; page is opened from the link on the footer"><skipped/></testcase><testcase name="3.082 Check that &quot;Hire React Native&quot; page is opened from the link on the footer"><skipped/></testcase><testcase name="3.083 Check that &quot;Hire .NET&quot; page is opened from the link on the footer"><skipped/></testcase><testcase name="3.084 Check that &quot;Hire Web&quot; page is opened from the link on the footer"><skipped/></testcase><testcase name="3.085 Check that &quot;Hire Laravel&quot; page is opened from the link on the footer"><skipped/></testcase><testcase name="3.086 Check that &quot;Hire Backend&quot; page is opened from the link on the footer"><skipped/></testcase><testcase name="3.087 Check that &quot;Hire Full Stack&quot; page is opened from the link on the footer"><skipped/></testcase><testcase name="3.088 Check that &quot;Hire Frontend&quot; page is opened from the link on the footer"><skipped/></testcase><testcase name="3.089 Check that &quot;DevOps Consulting&quot; page is opened from the link on the footer"><skipped/></testcase><testcase name="3.090 Check that &quot;Ecommerce Consulting&quot; page is opened from the link on the footer"><skipped/></testcase><testcase name="3.091 Check that &quot;Machine Learning&quot; page is opened from the link on the footer"><skipped/></testcase><testcase name="3.092 Check that &quot;AWS Consulting Partner&quot; page is opened from the link on the footer"><skipped/></testcase><testcase name="3.093 Check that &quot;Agile Consulting&quot; page is opened from the link on the footer"><skipped/></testcase><testcase name="3.094 Check that &quot;Web Development company in Arizona&quot; page is opened from the link on the footer"><skipped/></testcase><testcase name="3.095 Check that &quot;Web Development company in London&quot; page is opened from the link on the footer"><skipped/></testcase><testcase name="3.096 Check that &quot;Web Development company in Winston Salem&quot; page is opened from the link on the footer"><skipped/></testcase><testcase name="3.097 Check that &quot;About us&quot; page is opened from the link on the footer"><skipped/></testcase><testcase name="3.098 Check that &quot;Careers&quot; page is opened from the link on the footer"><skipped/></testcase><testcase name="3.099 Check that &quot;Projects&quot; page is opened from the link on the footer"><skipped/></testcase><testcase name="3.100 Check that &quot;Blog&quot; page is opened from the link on the footer"><skipped/></testcase><testcase name="3.101 Check that &quot;Contact&quot; page is opened from the link on the footer"><skipped/></testcase><testcase name="3.102 Check that &quot;Privacy policy&quot; page is opened from the link on the footer"><skipped/></testcase><testcase name="3.103 Check that &quot;Sitemap&quot; page is opened from the link on the footer"><skipped/></testcase></testsuite>